#
# There is insufficient memory for the Java Runtime Environment to continue.
# Native memory allocation (mmap) failed to map 106954752 bytes for Failed to commit area from 0x000000044c600000 to 0x0000000452c00000 of length 106954752.
# Possible reasons:
#   The system is out of physical RAM or swap space
#   The process is running with CompressedOops enabled, and the Java Heap may be blocking the growth of the native heap
# Possible solutions:
#   Reduce memory load on the system
#   Increase physical memory or swap space
#   Check if swap backing store is full
#   Decrease Java heap size (-Xmx/-Xms)
#   Decrease number of Java threads
#   Decrease Java thread stack sizes (-Xss)
#   Set larger code cache with -XX:ReservedCodeCacheSize=
#   JVM is running with Zero Based Compressed Oops mode in which the Java heap is
#     placed in the first 32GB address space. The Java Heap base address is the
#     maximum limit for the native heap growth. Please use -XX:HeapBaseMinAddress
#     to set the Java Heap base and to place the Java Heap above 32GB virtual address.
# This output file may be truncated or incomplete.
#
#  Out of Memory Error (os_windows.cpp:3388), pid=23576, tid=7728
#
# JRE version: OpenJDK Runtime Environment OpenLogic-OpenJDK (11.0.22+7) (build 11.0.22+7-adhoc..jdk11u)
# Java VM: OpenJDK 64-Bit Server VM OpenLogic-OpenJDK (11.0.22+7-adhoc..jdk11u, mixed mode, tiered, compressed oops, g1 gc, windows-amd64)
# No core dump will be written. Minidumps are not enabled by default on client versions of Windows
#

---------------  S U M M A R Y ------------

Command Line: org.jetbrains.kotlin.cli.jvm.K2JVMCompiler @C:\Projects\netiCharithraMobileApp\node_modules\@react-native\gradle-plugin\build\20240326_4181191577648531618.compiler.options

Host: Intel(R) Core(TM) i7-9850H CPU @ 2.60GHz, 12 cores, 31G,  Windows 11 , 64 bit Build 22621 (10.0.22621.3235)
Time: Tue Mar 26 14:40:57 2024 India Standard Time elapsed time: 3.252203 seconds (0d 0h 0m 3s)

---------------  T H R E A D  ---------------

Current thread (0x00000183c5910000):  VMThread "VM Thread" [stack: 0x00000006b4400000,0x00000006b4500000] [id=7728]

Stack: [0x00000006b4400000,0x00000006b4500000]
[error occurred during error reporting (printing stack bounds), id 0xc0000005, EXCEPTION_ACCESS_VIOLATION (0xc0000005) at pc=0x000001839f74112d]

Native frames: (J=compiled Java code, j=interpreted, Vv=VM code, C=native code)
V  [jvm.dll+0x64101a]
V  [jvm.dll+0x785ce9]
V  [jvm.dll+0x7873e9]
V  [jvm.dll+0x787a35]
V  [jvm.dll+0x7879eb]
V  [jvm.dll+0x640325]
V  [jvm.dll+0x640a28]
C  [ntdll.dll+0xa441f]
C  [ntdll.dll+0x1e466]
C  [ntdll.dll+0xa340e]
C  0x000001839f74112d

VM_Operation (0x00000006b3ef9ed0): G1CollectForAllocation, mode: safepoint, requested by thread 0x0000018394459000


---------------  P R O C E S S  ---------------

Threads class SMR info:
_java_thread_list=0x00000183c5b39170, length=12, elements={
0x0000018394459000, 0x00000183c5934000, 0x00000183c593d800, 0x00000183c59a3800,
0x00000183c59a5800, 0x00000183c59a6800, 0x00000183c594d000, 0x00000183c594e000,
0x00000183c595b800, 0x00000183c5b37000, 0x00000183c5b36000, 0x00000183c5b33800
}

Java Threads: ( => current thread )
  0x0000018394459000 JavaThread "main" [_thread_blocked, id=22052, stack(0x00000006b3e00000,0x00000006b3f00000)]
  0x00000183c5934000 JavaThread "Reference Handler" daemon [_thread_blocked, id=24260, stack(0x00000006b4500000,0x00000006b4600000)]
  0x00000183c593d800 JavaThread "Finalizer" daemon [_thread_blocked, id=19016, stack(0x00000006b4600000,0x00000006b4700000)]
  0x00000183c59a3800 JavaThread "Signal Dispatcher" daemon [_thread_blocked, id=16420, stack(0x00000006b4700000,0x00000006b4800000)]
  0x00000183c59a5800 JavaThread "Attach Listener" daemon [_thread_blocked, id=8324, stack(0x00000006b4800000,0x00000006b4900000)]
  0x00000183c59a6800 JavaThread "Service Thread" daemon [_thread_blocked, id=21072, stack(0x00000006b4900000,0x00000006b4a00000)]
  0x00000183c594d000 JavaThread "C2 CompilerThread0" daemon [_thread_blocked, id=1396, stack(0x00000006b4a00000,0x00000006b4b00000)]
  0x00000183c594e000 JavaThread "C1 CompilerThread0" daemon [_thread_blocked, id=5700, stack(0x00000006b4b00000,0x00000006b4c00000)]
  0x00000183c595b800 JavaThread "Sweeper thread" daemon [_thread_blocked, id=24552, stack(0x00000006b4c00000,0x00000006b4d00000)]
  0x00000183c5b37000 JavaThread "Common-Cleaner" daemon [_thread_blocked, id=21488, stack(0x00000006b4e00000,0x00000006b4f00000)]
  0x00000183c5b36000 JavaThread "C2 CompilerThread1" daemon [_thread_blocked, id=11500, stack(0x00000006b4f00000,0x00000006b5000000)]
  0x00000183c5b33800 JavaThread "C2 CompilerThread2" daemon [_thread_blocked, id=20800, stack(0x00000006b5000000,0x00000006b5100000)]

Other Threads:
=>0x00000183c5910000 VMThread "VM Thread" [stack: 0x00000006b4400000,0x00000006b4500000] [id=7728]
  0x00000183c5b32800 WatcherThread [stack: 0x00000006b4d00000,0x00000006b4e00000] [id=4888]
  0x0000018394471000 GCTaskThread "GC Thread#0" [stack: 0x00000006b3f00000,0x00000006b4000000] [id=19920]
  0x00000183c6163800 GCTaskThread "GC Thread#1" [stack: 0x00000006b5100000,0x00000006b5200000] [id=10972]
  0x00000183c6169000 GCTaskThread "GC Thread#2" [stack: 0x00000006b5200000,0x00000006b5300000] [id=16196]
  0x00000183c615c000 GCTaskThread "GC Thread#3" [stack: 0x00000006b5300000,0x00000006b5400000] [id=12600]
  0x00000183c615d000 GCTaskThread "GC Thread#4" [stack: 0x00000006b5400000,0x00000006b5500000] [id=23792]
  0x00000183c6174800 GCTaskThread "GC Thread#5" [stack: 0x00000006b5500000,0x00000006b5600000] [id=23776]
  0x00000183c6175000 GCTaskThread "GC Thread#6" [stack: 0x00000006b5600000,0x00000006b5700000] [id=23780]
  0x00000183c6182800 GCTaskThread "GC Thread#7" [stack: 0x00000006b5700000,0x00000006b5800000] [id=24564]
  0x00000183c6183000 GCTaskThread "GC Thread#8" [stack: 0x00000006b5800000,0x00000006b5900000] [id=11656]
  0x00000183c6184000 GCTaskThread "GC Thread#9" [stack: 0x00000006b5900000,0x00000006b5a00000] [id=10392]
  0x00000183944f2800 ConcurrentGCThread "G1 Main Marker" [stack: 0x00000006b4000000,0x00000006b4100000] [id=24528]
  0x00000183944f3800 ConcurrentGCThread "G1 Conc#0" [stack: 0x00000006b4100000,0x00000006b4200000] [id=5944]
  0x00000183c7047800 ConcurrentGCThread "G1 Conc#1" [stack: 0x00000006b5a00000,0x00000006b5b00000] [id=2756]
  0x00000183c72e0800 ConcurrentGCThread "G1 Conc#2" [stack: 0x00000006b5b00000,0x00000006b5c00000] [id=5168]
  0x00000183c4e6c000 ConcurrentGCThread "G1 Refine#0" [stack: 0x00000006b4200000,0x00000006b4300000] [id=24536]
  0x00000183c764b000 ConcurrentGCThread "G1 Refine#1" [stack: 0x00000006b5c00000,0x00000006b5d00000] [id=14224]
  0x00000183c764c000 ConcurrentGCThread "G1 Refine#2" [stack: 0x00000006b5d00000,0x00000006b5e00000] [id=21048]
  0x00000183d1c59000 ConcurrentGCThread "G1 Refine#3" [stack: 0x00000006b5e00000,0x00000006b5f00000] [id=23772]
  0x00000183d1c59800 ConcurrentGCThread "G1 Refine#4" [stack: 0x00000006b5f00000,0x00000006b6000000] [id=9984]
  0x00000183c947f000 ConcurrentGCThread "G1 Refine#5" [stack: 0x00000006b6000000,0x00000006b6100000] [id=24100]
  0x00000183c947f800 ConcurrentGCThread "G1 Refine#6" [stack: 0x00000006b6100000,0x00000006b6200000] [id=12900]
  0x00000183c6ce8800 ConcurrentGCThread "G1 Refine#7" [stack: 0x00000006b6200000,0x00000006b6300000] [id=8288]
  0x00000183c6ce9000 ConcurrentGCThread "G1 Refine#8" [stack: 0x00000006b6300000,0x00000006b6400000] [id=2652]
  0x00000183c4e6d000 ConcurrentGCThread "G1 Young RemSet Sampling" [stack: 0x00000006b4300000,0x00000006b4400000] [id=15772]

Threads with active compile tasks:
C2 CompilerThread0     3261 3585   !   4       jdk.internal.loader.BuiltinClassLoader::findClassOnClassPathOrNull (64 bytes)
C2 CompilerThread1     3261 3658   !   4       java.util.zip.ZipFile$ZipFileInflaterInputStream::close (67 bytes)

VM state:at safepoint (normal execution)

VM Mutex/Monitor currently owned by a thread:  ([mutex/lock_event])
[0x00000183944548f0] Threads_lock - owner thread: 0x00000183c5910000
[0x00000183944554c0] Heap_lock - owner thread: 0x0000018394459000

Heap address: 0x000000042c800000, size: 8146 MB, Compressed Oops mode: Zero based, Oop shift amount: 3
Narrow klass base: 0x0000000000000000, Narrow klass shift: 3
Compressed class space size: 1073741824 Address: 0x0000000629a00000

Heap:
 garbage-first heap   total 626688K, used 51628K [0x000000042c800000, 0x0000000629a00000)
  region size 2048K, 4 young (8192K), 4 survivors (8192K)
 Metaspace       used 46750K, capacity 47287K, committed 47532K, reserved 1091584K
  class space    used 5410K, capacity 5632K, committed 5632K, reserved 1048576K
Heap Regions: E=young(eden), S=young(survivor), O=old, HS=humongous(starts), HC=humongous(continues), CS=collection set, F=free, A=archive, TAMS=top-at-mark-start (previous, next)
|   0|0x000000042c800000, 0x000000042ca00000, 0x000000042ca00000|100%|HS|  |TAMS 0x000000042ca00000, 0x000000042c800000| Complete 
|   1|0x000000042ca00000, 0x000000042cc00000, 0x000000042cc00000|100%|HC|  |TAMS 0x000000042cc00000, 0x000000042ca00000| Complete 
|   2|0x000000042cc00000, 0x000000042ce00000, 0x000000042ce00000|100%|HS|  |TAMS 0x000000042ce00000, 0x000000042cc00000| Complete 
|   3|0x000000042ce00000, 0x000000042d000000, 0x000000042d000000|100%|HC|  |TAMS 0x000000042d000000, 0x000000042ce00000| Complete 
|   4|0x000000042d000000, 0x000000042d200000, 0x000000042d200000|100%| O|  |TAMS 0x000000042d200000, 0x000000042d000000| Untracked 
|   5|0x000000042d200000, 0x000000042d400000, 0x000000042d400000|100%| O|  |TAMS 0x000000042d400000, 0x000000042d200000| Untracked 
|   6|0x000000042d400000, 0x000000042d600000, 0x000000042d600000|100%| O|  |TAMS 0x000000042d600000, 0x000000042d400000| Untracked 
|   7|0x000000042d600000, 0x000000042d800000, 0x000000042d800000|100%| O|  |TAMS 0x000000042d800000, 0x000000042d600000| Untracked 
|   8|0x000000042d800000, 0x000000042da00000, 0x000000042da00000|100%| O|  |TAMS 0x000000042da00000, 0x000000042d800000| Untracked 
|   9|0x000000042da00000, 0x000000042dc00000, 0x000000042dc00000|100%| O|  |TAMS 0x000000042dc00000, 0x000000042da00000| Untracked 
|  10|0x000000042dc00000, 0x000000042de00000, 0x000000042de00000|100%| O|  |TAMS 0x000000042de00000, 0x000000042dc00000| Untracked 
|  11|0x000000042de00000, 0x000000042e000000, 0x000000042e000000|100%| O|  |TAMS 0x000000042e000000, 0x000000042de00000| Untracked 
|  12|0x000000042e000000, 0x000000042e200000, 0x000000042e200000|100%| O|  |TAMS 0x000000042e200000, 0x000000042e000000| Untracked 
|  13|0x000000042e200000, 0x000000042e400000, 0x000000042e400000|100%| O|  |TAMS 0x000000042e400000, 0x000000042e200000| Untracked 
|  14|0x000000042e400000, 0x000000042e600000, 0x000000042e600000|100%| O|  |TAMS 0x000000042e600000, 0x000000042e400000| Untracked 
|  15|0x000000042e600000, 0x000000042e800000, 0x000000042e800000|100%| O|  |TAMS 0x000000042e800000, 0x000000042e600000| Untracked 
|  16|0x000000042e800000, 0x000000042ea00000, 0x000000042ea00000|100%| O|  |TAMS 0x000000042e927a00, 0x000000042e800000| Untracked 
|  17|0x000000042ea00000, 0x000000042ec00000, 0x000000042ec00000|100%|HS|  |TAMS 0x000000042ea00000, 0x000000042ea00000| Complete 
|  18|0x000000042ec00000, 0x000000042ee00000, 0x000000042ee00000|100%|HC|  |TAMS 0x000000042ec00000, 0x000000042ec00000| Complete 
|  19|0x000000042ee00000, 0x000000042f000000, 0x000000042f000000|100%|HC|  |TAMS 0x000000042ee00000, 0x000000042ee00000| Complete 
|  20|0x000000042f000000, 0x000000042f200000, 0x000000042f200000|100%|HS|  |TAMS 0x000000042f000000, 0x000000042f000000| Complete 
|  21|0x000000042f200000, 0x000000042f26b000, 0x000000042f400000| 20%| O|  |TAMS 0x000000042f200000, 0x000000042f200000| Untracked 
|  22|0x000000042f400000, 0x000000042f400000, 0x000000042f600000|  0%| F|  |TAMS 0x000000042f400000, 0x000000042f400000| Untracked 
|  23|0x000000042f600000, 0x000000042f600000, 0x000000042f800000|  0%| F|  |TAMS 0x000000042f600000, 0x000000042f600000| Untracked 
|  24|0x000000042f800000, 0x000000042f800000, 0x000000042fa00000|  0%| F|  |TAMS 0x000000042f800000, 0x000000042f800000| Untracked 
|  25|0x000000042fa00000, 0x000000042fa00000, 0x000000042fc00000|  0%| F|  |TAMS 0x000000042fa00000, 0x000000042fa00000| Untracked 
|  26|0x000000042fc00000, 0x000000042fc00000, 0x000000042fe00000|  0%| F|  |TAMS 0x000000042fc00000, 0x000000042fc00000| Untracked 
|  27|0x000000042fe00000, 0x000000042fe00000, 0x0000000430000000|  0%| F|  |TAMS 0x000000042fe00000, 0x000000042fe00000| Untracked 
|  28|0x0000000430000000, 0x0000000430000000, 0x0000000430200000|  0%| F|  |TAMS 0x0000000430000000, 0x0000000430000000| Untracked 
|  29|0x0000000430200000, 0x0000000430200000, 0x0000000430400000|  0%| F|  |TAMS 0x0000000430200000, 0x0000000430200000| Untracked 
|  30|0x0000000430400000, 0x0000000430400000, 0x0000000430600000|  0%| F|  |TAMS 0x0000000430400000, 0x0000000430400000| Untracked 
|  31|0x0000000430600000, 0x0000000430600000, 0x0000000430800000|  0%| F|  |TAMS 0x0000000430600000, 0x0000000430600000| Untracked 
|  32|0x0000000430800000, 0x0000000430800000, 0x0000000430a00000|  0%| F|  |TAMS 0x0000000430800000, 0x0000000430800000| Untracked 
|  33|0x0000000430a00000, 0x0000000430a00000, 0x0000000430c00000|  0%| F|  |TAMS 0x0000000430a00000, 0x0000000430a00000| Untracked 
|  34|0x0000000430c00000, 0x0000000430c00000, 0x0000000430e00000|  0%| F|  |TAMS 0x0000000430c00000, 0x0000000430c00000| Untracked 
|  35|0x0000000430e00000, 0x0000000430e00000, 0x0000000431000000|  0%| F|  |TAMS 0x0000000430e00000, 0x0000000430e00000| Untracked 
|  36|0x0000000431000000, 0x0000000431000000, 0x0000000431200000|  0%| F|  |TAMS 0x0000000431000000, 0x0000000431000000| Untracked 
|  37|0x0000000431200000, 0x0000000431200000, 0x0000000431400000|  0%| F|  |TAMS 0x0000000431200000, 0x0000000431200000| Untracked 
|  38|0x0000000431400000, 0x0000000431400000, 0x0000000431600000|  0%| F|  |TAMS 0x0000000431400000, 0x0000000431400000| Untracked 
|  39|0x0000000431600000, 0x0000000431600000, 0x0000000431800000|  0%| F|  |TAMS 0x0000000431600000, 0x0000000431600000| Untracked 
|  40|0x0000000431800000, 0x0000000431800000, 0x0000000431a00000|  0%| F|  |TAMS 0x0000000431800000, 0x0000000431800000| Untracked 
|  41|0x0000000431a00000, 0x0000000431a00000, 0x0000000431c00000|  0%| F|  |TAMS 0x0000000431a00000, 0x0000000431a00000| Untracked 
|  42|0x0000000431c00000, 0x0000000431c00000, 0x0000000431e00000|  0%| F|  |TAMS 0x0000000431c00000, 0x0000000431c00000| Untracked 
|  43|0x0000000431e00000, 0x0000000431e00000, 0x0000000432000000|  0%| F|  |TAMS 0x0000000431e00000, 0x0000000431e00000| Untracked 
|  44|0x0000000432000000, 0x0000000432000000, 0x0000000432200000|  0%| F|  |TAMS 0x0000000432000000, 0x0000000432000000| Untracked 
|  45|0x0000000432200000, 0x0000000432200000, 0x0000000432400000|  0%| F|  |TAMS 0x0000000432200000, 0x0000000432200000| Untracked 
|  46|0x0000000432400000, 0x0000000432400000, 0x0000000432600000|  0%| F|  |TAMS 0x0000000432400000, 0x0000000432400000| Untracked 
|  47|0x0000000432600000, 0x0000000432600000, 0x0000000432800000|  0%| F|  |TAMS 0x0000000432600000, 0x0000000432600000| Untracked 
|  48|0x0000000432800000, 0x0000000432800000, 0x0000000432a00000|  0%| F|  |TAMS 0x0000000432800000, 0x0000000432800000| Untracked 
|  49|0x0000000432a00000, 0x0000000432a00000, 0x0000000432c00000|  0%| F|  |TAMS 0x0000000432a00000, 0x0000000432a00000| Untracked 
|  50|0x0000000432c00000, 0x0000000432c00000, 0x0000000432e00000|  0%| F|  |TAMS 0x0000000432c00000, 0x0000000432c00000| Untracked 
|  51|0x0000000432e00000, 0x0000000432e00000, 0x0000000433000000|  0%| F|  |TAMS 0x0000000432e00000, 0x0000000432e00000| Untracked 
|  52|0x0000000433000000, 0x0000000433000000, 0x0000000433200000|  0%| F|  |TAMS 0x0000000433000000, 0x0000000433000000| Untracked 
|  53|0x0000000433200000, 0x0000000433200000, 0x0000000433400000|  0%| F|  |TAMS 0x0000000433200000, 0x0000000433200000| Untracked 
|  54|0x0000000433400000, 0x0000000433400000, 0x0000000433600000|  0%| F|  |TAMS 0x0000000433400000, 0x0000000433400000| Untracked 
|  55|0x0000000433600000, 0x0000000433600000, 0x0000000433800000|  0%| F|  |TAMS 0x0000000433600000, 0x0000000433600000| Untracked 
|  56|0x0000000433800000, 0x0000000433800000, 0x0000000433a00000|  0%| F|  |TAMS 0x0000000433800000, 0x0000000433800000| Untracked 
|  57|0x0000000433a00000, 0x0000000433a00000, 0x0000000433c00000|  0%| F|  |TAMS 0x0000000433a00000, 0x0000000433a00000| Untracked 
|  58|0x0000000433c00000, 0x0000000433c00000, 0x0000000433e00000|  0%| F|  |TAMS 0x0000000433c00000, 0x0000000433c00000| Untracked 
|  59|0x0000000433e00000, 0x0000000433e00000, 0x0000000434000000|  0%| F|  |TAMS 0x0000000433e00000, 0x0000000433e00000| Untracked 
|  60|0x0000000434000000, 0x0000000434000000, 0x0000000434200000|  0%| F|  |TAMS 0x0000000434000000, 0x0000000434000000| Untracked 
|  61|0x0000000434200000, 0x0000000434200000, 0x0000000434400000|  0%| F|  |TAMS 0x0000000434200000, 0x0000000434200000| Untracked 
|  62|0x0000000434400000, 0x0000000434400000, 0x0000000434600000|  0%| F|  |TAMS 0x0000000434400000, 0x0000000434400000| Untracked 
|  63|0x0000000434600000, 0x0000000434600000, 0x0000000434800000|  0%| F|  |TAMS 0x0000000434600000, 0x0000000434600000| Untracked 
|  64|0x0000000434800000, 0x0000000434800000, 0x0000000434a00000|  0%| F|  |TAMS 0x0000000434800000, 0x0000000434800000| Untracked 
|  65|0x0000000434a00000, 0x0000000434a00000, 0x0000000434c00000|  0%| F|  |TAMS 0x0000000434a00000, 0x0000000434a00000| Untracked 
|  66|0x0000000434c00000, 0x0000000434c00000, 0x0000000434e00000|  0%| F|  |TAMS 0x0000000434c00000, 0x0000000434c00000| Untracked 
|  67|0x0000000434e00000, 0x0000000434e00000, 0x0000000435000000|  0%| F|  |TAMS 0x0000000434e00000, 0x0000000434e00000| Untracked 
|  68|0x0000000435000000, 0x0000000435000000, 0x0000000435200000|  0%| F|  |TAMS 0x0000000435000000, 0x0000000435000000| Untracked 
|  69|0x0000000435200000, 0x0000000435200000, 0x0000000435400000|  0%| F|  |TAMS 0x0000000435200000, 0x0000000435200000| Untracked 
|  70|0x0000000435400000, 0x0000000435400000, 0x0000000435600000|  0%| F|  |TAMS 0x0000000435400000, 0x0000000435400000| Untracked 
|  71|0x0000000435600000, 0x0000000435600000, 0x0000000435800000|  0%| F|  |TAMS 0x0000000435600000, 0x0000000435600000| Untracked 
|  72|0x0000000435800000, 0x0000000435800000, 0x0000000435a00000|  0%| F|  |TAMS 0x0000000435800000, 0x0000000435800000| Untracked 
|  73|0x0000000435a00000, 0x0000000435a00000, 0x0000000435c00000|  0%| F|  |TAMS 0x0000000435a00000, 0x0000000435a00000| Untracked 
|  74|0x0000000435c00000, 0x0000000435c00000, 0x0000000435e00000|  0%| F|  |TAMS 0x0000000435c00000, 0x0000000435c00000| Untracked 
|  75|0x0000000435e00000, 0x0000000435e00000, 0x0000000436000000|  0%| F|  |TAMS 0x0000000435e00000, 0x0000000435e00000| Untracked 
|  76|0x0000000436000000, 0x0000000436000000, 0x0000000436200000|  0%| F|  |TAMS 0x0000000436000000, 0x0000000436000000| Untracked 
|  77|0x0000000436200000, 0x0000000436200000, 0x0000000436400000|  0%| F|  |TAMS 0x0000000436200000, 0x0000000436200000| Untracked 
|  78|0x0000000436400000, 0x0000000436400000, 0x0000000436600000|  0%| F|  |TAMS 0x0000000436400000, 0x0000000436400000| Untracked 
|  79|0x0000000436600000, 0x0000000436600000, 0x0000000436800000|  0%| F|  |TAMS 0x0000000436600000, 0x0000000436600000| Untracked 
|  80|0x0000000436800000, 0x0000000436800000, 0x0000000436a00000|  0%| F|  |TAMS 0x0000000436800000, 0x0000000436800000| Untracked 
|  81|0x0000000436a00000, 0x0000000436a00000, 0x0000000436c00000|  0%| F|  |TAMS 0x0000000436a00000, 0x0000000436a00000| Untracked 
|  82|0x0000000436c00000, 0x0000000436c00000, 0x0000000436e00000|  0%| F|  |TAMS 0x0000000436c00000, 0x0000000436c00000| Untracked 
|  83|0x0000000436e00000, 0x0000000436e00000, 0x0000000437000000|  0%| F|  |TAMS 0x0000000436e00000, 0x0000000436e00000| Untracked 
|  84|0x0000000437000000, 0x0000000437000000, 0x0000000437200000|  0%| F|  |TAMS 0x0000000437000000, 0x0000000437000000| Untracked 
|  85|0x0000000437200000, 0x0000000437200000, 0x0000000437400000|  0%| F|  |TAMS 0x0000000437200000, 0x0000000437200000| Untracked 
|  86|0x0000000437400000, 0x0000000437400000, 0x0000000437600000|  0%| F|  |TAMS 0x0000000437400000, 0x0000000437400000| Untracked 
|  87|0x0000000437600000, 0x0000000437600000, 0x0000000437800000|  0%| F|  |TAMS 0x0000000437600000, 0x0000000437600000| Untracked 
|  88|0x0000000437800000, 0x0000000437800000, 0x0000000437a00000|  0%| F|  |TAMS 0x0000000437800000, 0x0000000437800000| Untracked 
|  89|0x0000000437a00000, 0x0000000437a00000, 0x0000000437c00000|  0%| F|  |TAMS 0x0000000437a00000, 0x0000000437a00000| Untracked 
|  90|0x0000000437c00000, 0x0000000437c00000, 0x0000000437e00000|  0%| F|  |TAMS 0x0000000437c00000, 0x0000000437c00000| Untracked 
|  91|0x0000000437e00000, 0x0000000437e00000, 0x0000000438000000|  0%| F|  |TAMS 0x0000000437e00000, 0x0000000437e00000| Untracked 
|  92|0x0000000438000000, 0x0000000438000000, 0x0000000438200000|  0%| F|  |TAMS 0x0000000438000000, 0x0000000438000000| Untracked 
|  93|0x0000000438200000, 0x0000000438200000, 0x0000000438400000|  0%| F|  |TAMS 0x0000000438200000, 0x0000000438200000| Untracked 
|  94|0x0000000438400000, 0x0000000438400000, 0x0000000438600000|  0%| F|  |TAMS 0x0000000438400000, 0x0000000438400000| Untracked 
|  95|0x0000000438600000, 0x0000000438600000, 0x0000000438800000|  0%| F|  |TAMS 0x0000000438600000, 0x0000000438600000| Untracked 
|  96|0x0000000438800000, 0x0000000438800000, 0x0000000438a00000|  0%| F|  |TAMS 0x0000000438800000, 0x0000000438800000| Untracked 
|  97|0x0000000438a00000, 0x0000000438a00000, 0x0000000438c00000|  0%| F|  |TAMS 0x0000000438a00000, 0x0000000438a00000| Untracked 
|  98|0x0000000438c00000, 0x0000000438c00000, 0x0000000438e00000|  0%| F|  |TAMS 0x0000000438c00000, 0x0000000438c00000| Untracked 
|  99|0x0000000438e00000, 0x0000000438e00000, 0x0000000439000000|  0%| F|  |TAMS 0x0000000438e00000, 0x0000000438e00000| Untracked 
| 100|0x0000000439000000, 0x0000000439000000, 0x0000000439200000|  0%| F|  |TAMS 0x0000000439000000, 0x0000000439000000| Untracked 
| 101|0x0000000439200000, 0x0000000439200000, 0x0000000439400000|  0%| F|  |TAMS 0x0000000439200000, 0x0000000439200000| Untracked 
| 102|0x0000000439400000, 0x0000000439400000, 0x0000000439600000|  0%| F|  |TAMS 0x0000000439400000, 0x0000000439400000| Untracked 
| 103|0x0000000439600000, 0x0000000439600000, 0x0000000439800000|  0%| F|  |TAMS 0x0000000439600000, 0x0000000439600000| Untracked 
| 104|0x0000000439800000, 0x0000000439800000, 0x0000000439a00000|  0%| F|  |TAMS 0x0000000439800000, 0x0000000439800000| Untracked 
| 105|0x0000000439a00000, 0x0000000439a00000, 0x0000000439c00000|  0%| F|  |TAMS 0x0000000439a00000, 0x0000000439a00000| Untracked 
| 106|0x0000000439c00000, 0x0000000439c00000, 0x0000000439e00000|  0%| F|  |TAMS 0x0000000439c00000, 0x0000000439c00000| Untracked 
| 107|0x0000000439e00000, 0x0000000439e00000, 0x000000043a000000|  0%| F|  |TAMS 0x0000000439e00000, 0x0000000439e00000| Untracked 
| 108|0x000000043a000000, 0x000000043a000000, 0x000000043a200000|  0%| F|  |TAMS 0x000000043a000000, 0x000000043a000000| Untracked 
| 109|0x000000043a200000, 0x000000043a200000, 0x000000043a400000|  0%| F|  |TAMS 0x000000043a200000, 0x000000043a200000| Untracked 
| 110|0x000000043a400000, 0x000000043a400000, 0x000000043a600000|  0%| F|  |TAMS 0x000000043a400000, 0x000000043a400000| Untracked 
| 111|0x000000043a600000, 0x000000043a600000, 0x000000043a800000|  0%| F|  |TAMS 0x000000043a600000, 0x000000043a600000| Untracked 
| 112|0x000000043a800000, 0x000000043a800000, 0x000000043aa00000|  0%| F|  |TAMS 0x000000043a800000, 0x000000043a800000| Untracked 
| 113|0x000000043aa00000, 0x000000043aa00000, 0x000000043ac00000|  0%| F|  |TAMS 0x000000043aa00000, 0x000000043aa00000| Untracked 
| 114|0x000000043ac00000, 0x000000043ac00000, 0x000000043ae00000|  0%| F|  |TAMS 0x000000043ac00000, 0x000000043ac00000| Untracked 
| 115|0x000000043ae00000, 0x000000043ae00000, 0x000000043b000000|  0%| F|  |TAMS 0x000000043ae00000, 0x000000043ae00000| Untracked 
| 116|0x000000043b000000, 0x000000043b000000, 0x000000043b200000|  0%| F|  |TAMS 0x000000043b000000, 0x000000043b000000| Untracked 
| 117|0x000000043b200000, 0x000000043b200000, 0x000000043b400000|  0%| F|  |TAMS 0x000000043b200000, 0x000000043b200000| Untracked 
| 118|0x000000043b400000, 0x000000043b400000, 0x000000043b600000|  0%| F|  |TAMS 0x000000043b400000, 0x000000043b400000| Untracked 
| 119|0x000000043b600000, 0x000000043b600000, 0x000000043b800000|  0%| F|  |TAMS 0x000000043b600000, 0x000000043b600000| Untracked 
| 120|0x000000043b800000, 0x000000043b800000, 0x000000043ba00000|  0%| F|  |TAMS 0x000000043b800000, 0x000000043b800000| Untracked 
| 121|0x000000043ba00000, 0x000000043ba00000, 0x000000043bc00000|  0%| F|  |TAMS 0x000000043ba00000, 0x000000043ba00000| Untracked 
| 122|0x000000043bc00000, 0x000000043bc00000, 0x000000043be00000|  0%| F|  |TAMS 0x000000043bc00000, 0x000000043bc00000| Untracked 
| 123|0x000000043be00000, 0x000000043be00000, 0x000000043c000000|  0%| F|  |TAMS 0x000000043be00000, 0x000000043be00000| Untracked 
| 124|0x000000043c000000, 0x000000043c000000, 0x000000043c200000|  0%| F|  |TAMS 0x000000043c000000, 0x000000043c000000| Untracked 
| 125|0x000000043c200000, 0x000000043c200000, 0x000000043c400000|  0%| F|  |TAMS 0x000000043c200000, 0x000000043c200000| Untracked 
| 126|0x000000043c400000, 0x000000043c400000, 0x000000043c600000|  0%| F|  |TAMS 0x000000043c400000, 0x000000043c400000| Untracked 
| 127|0x000000043c600000, 0x000000043c600000, 0x000000043c800000|  0%| F|  |TAMS 0x000000043c600000, 0x000000043c600000| Untracked 
| 128|0x000000043c800000, 0x000000043c800000, 0x000000043ca00000|  0%| F|  |TAMS 0x000000043c800000, 0x000000043c800000| Untracked 
| 129|0x000000043ca00000, 0x000000043ca00000, 0x000000043cc00000|  0%| F|  |TAMS 0x000000043ca00000, 0x000000043ca00000| Untracked 
| 130|0x000000043cc00000, 0x000000043cc00000, 0x000000043ce00000|  0%| F|  |TAMS 0x000000043cc00000, 0x000000043cc00000| Untracked 
| 131|0x000000043ce00000, 0x000000043ce00000, 0x000000043d000000|  0%| F|  |TAMS 0x000000043ce00000, 0x000000043ce00000| Untracked 
| 132|0x000000043d000000, 0x000000043d000000, 0x000000043d200000|  0%| F|  |TAMS 0x000000043d000000, 0x000000043d000000| Untracked 
| 133|0x000000043d200000, 0x000000043d200000, 0x000000043d400000|  0%| F|  |TAMS 0x000000043d200000, 0x000000043d200000| Untracked 
| 134|0x000000043d400000, 0x000000043d400000, 0x000000043d600000|  0%| F|  |TAMS 0x000000043d400000, 0x000000043d400000| Untracked 
| 135|0x000000043d600000, 0x000000043d600000, 0x000000043d800000|  0%| F|  |TAMS 0x000000043d600000, 0x000000043d600000| Untracked 
| 136|0x000000043d800000, 0x000000043d800000, 0x000000043da00000|  0%| F|  |TAMS 0x000000043d800000, 0x000000043d800000| Untracked 
| 137|0x000000043da00000, 0x000000043da00000, 0x000000043dc00000|  0%| F|  |TAMS 0x000000043da00000, 0x000000043da00000| Untracked 
| 138|0x000000043dc00000, 0x000000043dc00000, 0x000000043de00000|  0%| F|  |TAMS 0x000000043dc00000, 0x000000043dc00000| Untracked 
| 139|0x000000043de00000, 0x000000043de00000, 0x000000043e000000|  0%| F|  |TAMS 0x000000043de00000, 0x000000043de00000| Untracked 
| 140|0x000000043e000000, 0x000000043e000000, 0x000000043e200000|  0%| F|  |TAMS 0x000000043e000000, 0x000000043e000000| Untracked 
| 141|0x000000043e200000, 0x000000043e200000, 0x000000043e400000|  0%| F|  |TAMS 0x000000043e200000, 0x000000043e200000| Untracked 
| 142|0x000000043e400000, 0x000000043e400000, 0x000000043e600000|  0%| F|  |TAMS 0x000000043e400000, 0x000000043e400000| Untracked 
| 143|0x000000043e600000, 0x000000043e600000, 0x000000043e800000|  0%| F|  |TAMS 0x000000043e600000, 0x000000043e600000| Untracked 
| 144|0x000000043e800000, 0x000000043e800000, 0x000000043ea00000|  0%| F|  |TAMS 0x000000043e800000, 0x000000043e800000| Untracked 
| 145|0x000000043ea00000, 0x000000043ea00000, 0x000000043ec00000|  0%| F|  |TAMS 0x000000043ea00000, 0x000000043ea00000| Untracked 
| 146|0x000000043ec00000, 0x000000043ec00000, 0x000000043ee00000|  0%| F|  |TAMS 0x000000043ec00000, 0x000000043ec00000| Untracked 
| 147|0x000000043ee00000, 0x000000043ee00000, 0x000000043f000000|  0%| F|  |TAMS 0x000000043ee00000, 0x000000043ee00000| Untracked 
| 148|0x000000043f000000, 0x000000043f000000, 0x000000043f200000|  0%| F|  |TAMS 0x000000043f000000, 0x000000043f000000| Untracked 
| 149|0x000000043f200000, 0x000000043f200000, 0x000000043f400000|  0%| F|  |TAMS 0x000000043f200000, 0x000000043f200000| Untracked 
| 150|0x000000043f400000, 0x000000043f400000, 0x000000043f600000|  0%| F|  |TAMS 0x000000043f400000, 0x000000043f400000| Untracked 
| 151|0x000000043f600000, 0x000000043f600000, 0x000000043f800000|  0%| F|  |TAMS 0x000000043f600000, 0x000000043f600000| Untracked 
| 152|0x000000043f800000, 0x000000043f800000, 0x000000043fa00000|  0%| F|  |TAMS 0x000000043f800000, 0x000000043f800000| Untracked 
| 153|0x000000043fa00000, 0x000000043fa00000, 0x000000043fc00000|  0%| F|  |TAMS 0x000000043fa00000, 0x000000043fa00000| Untracked 
| 154|0x000000043fc00000, 0x000000043fc00000, 0x000000043fe00000|  0%| F|  |TAMS 0x000000043fc00000, 0x000000043fc00000| Untracked 
| 155|0x000000043fe00000, 0x000000043fe00000, 0x0000000440000000|  0%| F|  |TAMS 0x000000043fe00000, 0x000000043fe00000| Untracked 
| 156|0x0000000440000000, 0x0000000440000000, 0x0000000440200000|  0%| F|  |TAMS 0x0000000440000000, 0x0000000440000000| Untracked 
| 157|0x0000000440200000, 0x0000000440200000, 0x0000000440400000|  0%| F|  |TAMS 0x0000000440200000, 0x0000000440200000| Untracked 
| 158|0x0000000440400000, 0x0000000440400000, 0x0000000440600000|  0%| F|  |TAMS 0x0000000440400000, 0x0000000440400000| Untracked 
| 159|0x0000000440600000, 0x0000000440600000, 0x0000000440800000|  0%| F|  |TAMS 0x0000000440600000, 0x0000000440600000| Untracked 
| 160|0x0000000440800000, 0x0000000440800000, 0x0000000440a00000|  0%| F|  |TAMS 0x0000000440800000, 0x0000000440800000| Untracked 
| 161|0x0000000440a00000, 0x0000000440a00000, 0x0000000440c00000|  0%| F|  |TAMS 0x0000000440a00000, 0x0000000440a00000| Untracked 
| 162|0x0000000440c00000, 0x0000000440c00000, 0x0000000440e00000|  0%| F|  |TAMS 0x0000000440c00000, 0x0000000440c00000| Untracked 
| 163|0x0000000440e00000, 0x0000000440e00000, 0x0000000441000000|  0%| F|  |TAMS 0x0000000440e00000, 0x0000000440e00000| Untracked 
| 164|0x0000000441000000, 0x0000000441000000, 0x0000000441200000|  0%| F|  |TAMS 0x0000000441000000, 0x0000000441000000| Untracked 
| 165|0x0000000441200000, 0x0000000441200000, 0x0000000441400000|  0%| F|  |TAMS 0x0000000441200000, 0x0000000441200000| Untracked 
| 166|0x0000000441400000, 0x0000000441400000, 0x0000000441600000|  0%| F|  |TAMS 0x0000000441400000, 0x0000000441400000| Untracked 
| 167|0x0000000441600000, 0x0000000441600000, 0x0000000441800000|  0%| F|  |TAMS 0x0000000441600000, 0x0000000441600000| Untracked 
| 168|0x0000000441800000, 0x0000000441800000, 0x0000000441a00000|  0%| F|  |TAMS 0x0000000441800000, 0x0000000441800000| Untracked 
| 169|0x0000000441a00000, 0x0000000441a00000, 0x0000000441c00000|  0%| F|  |TAMS 0x0000000441a00000, 0x0000000441a00000| Untracked 
| 170|0x0000000441c00000, 0x0000000441c00000, 0x0000000441e00000|  0%| F|  |TAMS 0x0000000441c00000, 0x0000000441c00000| Untracked 
| 171|0x0000000441e00000, 0x0000000441e00000, 0x0000000442000000|  0%| F|  |TAMS 0x0000000441e00000, 0x0000000441e00000| Untracked 
| 172|0x0000000442000000, 0x0000000442000000, 0x0000000442200000|  0%| F|  |TAMS 0x0000000442000000, 0x0000000442000000| Untracked 
| 173|0x0000000442200000, 0x0000000442200000, 0x0000000442400000|  0%| F|  |TAMS 0x0000000442200000, 0x0000000442200000| Untracked 
| 174|0x0000000442400000, 0x0000000442400000, 0x0000000442600000|  0%| F|  |TAMS 0x0000000442400000, 0x0000000442400000| Untracked 
| 175|0x0000000442600000, 0x0000000442600000, 0x0000000442800000|  0%| F|  |TAMS 0x0000000442600000, 0x0000000442600000| Untracked 
| 176|0x0000000442800000, 0x0000000442800000, 0x0000000442a00000|  0%| F|  |TAMS 0x0000000442800000, 0x0000000442800000| Untracked 
| 177|0x0000000442a00000, 0x0000000442a00000, 0x0000000442c00000|  0%| F|  |TAMS 0x0000000442a00000, 0x0000000442a00000| Untracked 
| 178|0x0000000442c00000, 0x0000000442c00000, 0x0000000442e00000|  0%| F|  |TAMS 0x0000000442c00000, 0x0000000442c00000| Untracked 
| 179|0x0000000442e00000, 0x0000000442e00000, 0x0000000443000000|  0%| F|  |TAMS 0x0000000442e00000, 0x0000000442e00000| Untracked 
| 180|0x0000000443000000, 0x0000000443000000, 0x0000000443200000|  0%| F|  |TAMS 0x0000000443000000, 0x0000000443000000| Untracked 
| 181|0x0000000443200000, 0x0000000443200000, 0x0000000443400000|  0%| F|  |TAMS 0x0000000443200000, 0x0000000443200000| Untracked 
| 182|0x0000000443400000, 0x0000000443400000, 0x0000000443600000|  0%| F|  |TAMS 0x0000000443400000, 0x0000000443400000| Untracked 
| 183|0x0000000443600000, 0x0000000443600000, 0x0000000443800000|  0%| F|  |TAMS 0x0000000443600000, 0x0000000443600000| Untracked 
| 184|0x0000000443800000, 0x0000000443800000, 0x0000000443a00000|  0%| F|  |TAMS 0x0000000443800000, 0x0000000443800000| Untracked 
| 185|0x0000000443a00000, 0x0000000443a00000, 0x0000000443c00000|  0%| F|  |TAMS 0x0000000443a00000, 0x0000000443a00000| Untracked 
| 186|0x0000000443c00000, 0x0000000443c00000, 0x0000000443e00000|  0%| F|  |TAMS 0x0000000443c00000, 0x0000000443c00000| Untracked 
| 187|0x0000000443e00000, 0x0000000443e00000, 0x0000000444000000|  0%| F|  |TAMS 0x0000000443e00000, 0x0000000443e00000| Untracked 
| 188|0x0000000444000000, 0x0000000444000000, 0x0000000444200000|  0%| F|  |TAMS 0x0000000444000000, 0x0000000444000000| Untracked 
| 189|0x0000000444200000, 0x0000000444200000, 0x0000000444400000|  0%| F|  |TAMS 0x0000000444200000, 0x0000000444200000| Untracked 
| 190|0x0000000444400000, 0x0000000444400000, 0x0000000444600000|  0%| F|  |TAMS 0x0000000444400000, 0x0000000444400000| Untracked 
| 191|0x0000000444600000, 0x0000000444600000, 0x0000000444800000|  0%| F|  |TAMS 0x0000000444600000, 0x0000000444600000| Untracked 
| 192|0x0000000444800000, 0x0000000444800000, 0x0000000444a00000|  0%| F|  |TAMS 0x0000000444800000, 0x0000000444800000| Untracked 
| 193|0x0000000444a00000, 0x0000000444a00000, 0x0000000444c00000|  0%| F|  |TAMS 0x0000000444a00000, 0x0000000444a00000| Untracked 
| 194|0x0000000444c00000, 0x0000000444c00000, 0x0000000444e00000|  0%| F|  |TAMS 0x0000000444c00000, 0x0000000444c00000| Untracked 
| 195|0x0000000444e00000, 0x0000000444e00000, 0x0000000445000000|  0%| F|  |TAMS 0x0000000444e00000, 0x0000000444e00000| Untracked 
| 196|0x0000000445000000, 0x0000000445000000, 0x0000000445200000|  0%| F|  |TAMS 0x0000000445000000, 0x0000000445000000| Untracked 
| 197|0x0000000445200000, 0x0000000445200000, 0x0000000445400000|  0%| F|  |TAMS 0x0000000445200000, 0x0000000445200000| Untracked 
| 198|0x0000000445400000, 0x0000000445400000, 0x0000000445600000|  0%| F|  |TAMS 0x0000000445400000, 0x0000000445400000| Untracked 
| 199|0x0000000445600000, 0x0000000445600000, 0x0000000445800000|  0%| F|  |TAMS 0x0000000445600000, 0x0000000445600000| Untracked 
| 200|0x0000000445800000, 0x0000000445800000, 0x0000000445a00000|  0%| F|  |TAMS 0x0000000445800000, 0x0000000445800000| Untracked 
| 201|0x0000000445a00000, 0x0000000445a00000, 0x0000000445c00000|  0%| F|  |TAMS 0x0000000445a00000, 0x0000000445a00000| Untracked 
| 202|0x0000000445c00000, 0x0000000445c00000, 0x0000000445e00000|  0%| F|  |TAMS 0x0000000445c00000, 0x0000000445c00000| Untracked 
| 203|0x0000000445e00000, 0x0000000445e00000, 0x0000000446000000|  0%| F|  |TAMS 0x0000000445e00000, 0x0000000445e00000| Untracked 
| 204|0x0000000446000000, 0x0000000446000000, 0x0000000446200000|  0%| F|  |TAMS 0x0000000446000000, 0x0000000446000000| Untracked 
| 205|0x0000000446200000, 0x0000000446200000, 0x0000000446400000|  0%| F|  |TAMS 0x0000000446200000, 0x0000000446200000| Untracked 
| 206|0x0000000446400000, 0x0000000446400000, 0x0000000446600000|  0%| F|  |TAMS 0x0000000446400000, 0x0000000446400000| Untracked 
| 207|0x0000000446600000, 0x0000000446600000, 0x0000000446800000|  0%| F|  |TAMS 0x0000000446600000, 0x0000000446600000| Untracked 
| 208|0x0000000446800000, 0x0000000446800000, 0x0000000446a00000|  0%| F|  |TAMS 0x0000000446800000, 0x0000000446800000| Untracked 
| 209|0x0000000446a00000, 0x0000000446a00000, 0x0000000446c00000|  0%| F|  |TAMS 0x0000000446a00000, 0x0000000446a00000| Untracked 
| 210|0x0000000446c00000, 0x0000000446c00000, 0x0000000446e00000|  0%| F|  |TAMS 0x0000000446c00000, 0x0000000446c00000| Untracked 
| 211|0x0000000446e00000, 0x0000000446e00000, 0x0000000447000000|  0%| F|  |TAMS 0x0000000446e00000, 0x0000000446e00000| Untracked 
| 212|0x0000000447000000, 0x0000000447000000, 0x0000000447200000|  0%| F|  |TAMS 0x0000000447000000, 0x0000000447000000| Untracked 
| 213|0x0000000447200000, 0x0000000447200000, 0x0000000447400000|  0%| F|  |TAMS 0x0000000447200000, 0x0000000447200000| Untracked 
| 214|0x0000000447400000, 0x0000000447400000, 0x0000000447600000|  0%| F|  |TAMS 0x0000000447400000, 0x0000000447400000| Untracked 
| 215|0x0000000447600000, 0x0000000447600000, 0x0000000447800000|  0%| F|  |TAMS 0x0000000447600000, 0x0000000447600000| Untracked 
| 216|0x0000000447800000, 0x0000000447800000, 0x0000000447a00000|  0%| F|  |TAMS 0x0000000447800000, 0x0000000447800000| Untracked 
| 217|0x0000000447a00000, 0x0000000447a00000, 0x0000000447c00000|  0%| F|  |TAMS 0x0000000447a00000, 0x0000000447a00000| Untracked 
| 218|0x0000000447c00000, 0x0000000447c00000, 0x0000000447e00000|  0%| F|  |TAMS 0x0000000447c00000, 0x0000000447c00000| Untracked 
| 219|0x0000000447e00000, 0x0000000447e00000, 0x0000000448000000|  0%| F|  |TAMS 0x0000000447e00000, 0x0000000447e00000| Untracked 
| 220|0x0000000448000000, 0x0000000448200000, 0x0000000448200000|100%| S|CS|TAMS 0x0000000448000000, 0x0000000448000000| Complete 
| 221|0x0000000448200000, 0x0000000448400000, 0x0000000448400000|100%| S|CS|TAMS 0x0000000448200000, 0x0000000448200000| Complete 
| 222|0x0000000448400000, 0x0000000448600000, 0x0000000448600000|100%| S|CS|TAMS 0x0000000448400000, 0x0000000448400000| Complete 
| 223|0x0000000448600000, 0x0000000448800000, 0x0000000448800000|100%| S|CS|TAMS 0x0000000448600000, 0x0000000448600000| Complete 
| 224|0x0000000448800000, 0x0000000448800000, 0x0000000448a00000|  0%| F|  |TAMS 0x0000000448800000, 0x0000000448800000| Untracked 
| 225|0x0000000448a00000, 0x0000000448a00000, 0x0000000448c00000|  0%| F|  |TAMS 0x0000000448a00000, 0x0000000448a00000| Untracked 
| 226|0x0000000448c00000, 0x0000000448c00000, 0x0000000448e00000|  0%| F|  |TAMS 0x0000000448c00000, 0x0000000448c00000| Untracked 
| 227|0x0000000448e00000, 0x0000000448e00000, 0x0000000449000000|  0%| F|  |TAMS 0x0000000448e00000, 0x0000000448e00000| Untracked 
| 228|0x0000000449000000, 0x0000000449000000, 0x0000000449200000|  0%| F|  |TAMS 0x0000000449000000, 0x0000000449000000| Untracked 
| 229|0x0000000449200000, 0x0000000449200000, 0x0000000449400000|  0%| F|  |TAMS 0x0000000449200000, 0x0000000449200000| Untracked 
| 230|0x0000000449400000, 0x0000000449400000, 0x0000000449600000|  0%| F|  |TAMS 0x0000000449400000, 0x0000000449400000| Untracked 
| 231|0x0000000449600000, 0x0000000449600000, 0x0000000449800000|  0%| F|  |TAMS 0x0000000449600000, 0x0000000449600000| Untracked 
| 232|0x0000000449800000, 0x0000000449800000, 0x0000000449a00000|  0%| F|  |TAMS 0x0000000449800000, 0x0000000449800000| Untracked 
| 233|0x0000000449a00000, 0x0000000449a00000, 0x0000000449c00000|  0%| F|  |TAMS 0x0000000449a00000, 0x0000000449a00000| Untracked 
| 234|0x0000000449c00000, 0x0000000449c00000, 0x0000000449e00000|  0%| F|  |TAMS 0x0000000449c00000, 0x0000000449c00000| Untracked 
| 235|0x0000000449e00000, 0x0000000449e00000, 0x000000044a000000|  0%| F|  |TAMS 0x0000000449e00000, 0x0000000449e00000| Untracked 
| 236|0x000000044a000000, 0x000000044a000000, 0x000000044a200000|  0%| F|  |TAMS 0x000000044a000000, 0x000000044a000000| Untracked 
| 237|0x000000044a200000, 0x000000044a200000, 0x000000044a400000|  0%| F|  |TAMS 0x000000044a200000, 0x000000044a200000| Untracked 
| 238|0x000000044a400000, 0x000000044a400000, 0x000000044a600000|  0%| F|  |TAMS 0x000000044a400000, 0x000000044a400000| Untracked 
| 239|0x000000044a600000, 0x000000044a600000, 0x000000044a800000|  0%| F|  |TAMS 0x000000044a600000, 0x000000044a600000| Untracked 
| 240|0x000000044a800000, 0x000000044a800000, 0x000000044aa00000|  0%| F|  |TAMS 0x000000044a800000, 0x000000044a800000| Untracked 
| 241|0x000000044aa00000, 0x000000044aa00000, 0x000000044ac00000|  0%| F|  |TAMS 0x000000044aa00000, 0x000000044aa00000| Untracked 
| 242|0x000000044ac00000, 0x000000044ac00000, 0x000000044ae00000|  0%| F|  |TAMS 0x000000044ac00000, 0x000000044ac00000| Untracked 
| 243|0x000000044ae00000, 0x000000044ae00000, 0x000000044b000000|  0%| F|  |TAMS 0x000000044ae00000, 0x000000044ae00000| Untracked 
| 244|0x000000044b000000, 0x000000044b000000, 0x000000044b200000|  0%| F|  |TAMS 0x000000044b000000, 0x000000044b000000| Untracked 
| 245|0x000000044b200000, 0x000000044b200000, 0x000000044b400000|  0%| F|  |TAMS 0x000000044b200000, 0x000000044b200000| Untracked 
| 246|0x000000044b400000, 0x000000044b400000, 0x000000044b600000|  0%| F|  |TAMS 0x000000044b400000, 0x000000044b400000| Untracked 
| 247|0x000000044b600000, 0x000000044b600000, 0x000000044b800000|  0%| F|  |TAMS 0x000000044b600000, 0x000000044b600000| Untracked 
| 248|0x000000044b800000, 0x000000044b800000, 0x000000044ba00000|  0%| F|  |TAMS 0x000000044b800000, 0x000000044b800000| Untracked 
| 249|0x000000044ba00000, 0x000000044ba00000, 0x000000044bc00000|  0%| F|  |TAMS 0x000000044ba00000, 0x000000044ba00000| Untracked 
| 250|0x000000044bc00000, 0x000000044bc00000, 0x000000044be00000|  0%| F|  |TAMS 0x000000044bc00000, 0x000000044bc00000| Untracked 
| 251|0x000000044be00000, 0x000000044be00000, 0x000000044c000000|  0%| F|  |TAMS 0x000000044be00000, 0x000000044be00000| Untracked 
| 252|0x000000044c000000, 0x000000044c000000, 0x000000044c200000|  0%| F|  |TAMS 0x000000044c000000, 0x000000044c000000| Untracked 
| 253|0x000000044c200000, 0x000000044c200000, 0x000000044c400000|  0%| F|  |TAMS 0x000000044c200000, 0x000000044c200000| Untracked 
| 254|0x000000044c400000, 0x000000044c400000, 0x000000044c600000|  0%| F|  |TAMS 0x000000044c400000, 0x000000044c400000| Untracked 

Card table byte_map: [0x00000183b03b0000,0x00000183b13a0000] _byte_map_base: 0x00000183ae24c000

Marking Bits (Prev, Next): (CMBitMap*) 0x00000183944e1878, (CMBitMap*) 0x00000183944e18b0
 Prev Bits: [0x00000183b2390000, 0x00000183ba2d8000)
 Next Bits: [0x00000183ba2e0000, 0x00000183c2228000)

Polling page: 0x0000018394520000

Metaspace:

Usage:
  Non-class:     40.68 MB capacity,    40.37 MB (>99%) used,   246.19 KB ( <1%) free+waste,    69.62 KB ( <1%) overhead. 
      Class:      5.50 MB capacity,     5.28 MB ( 96%) used,   190.76 KB (  3%) free+waste,    30.38 KB ( <1%) overhead. 
       Both:     46.18 MB capacity,    45.65 MB ( 99%) used,   436.95 KB ( <1%) free+waste,   100.00 KB ( <1%) overhead. 

Virtual space:
  Non-class space:       42.00 MB reserved,      40.92 MB ( 97%) committed 
      Class space:        1.00 GB reserved,       5.50 MB ( <1%) committed 
             Both:        1.04 GB reserved,      46.42 MB (  4%) committed 

Chunk freelists:
   Non-Class:  53.00 KB
       Class:  0 bytes
        Both:  53.00 KB

MaxMetaspaceSize: 17179869184.00 GB
CompressedClassSpaceSize: 1.00 GB
Initial GC threshold: 20.80 MB
Current GC threshold: 58.41 MB
CDS: off

CodeHeap 'non-profiled nmethods': size=120000Kb used=1799Kb max_used=1799Kb free=118200Kb
 bounds [0x00000183a7210000, 0x00000183a7480000, 0x00000183ae740000]
CodeHeap 'profiled nmethods': size=120000Kb used=7591Kb max_used=7591Kb free=112408Kb
 bounds [0x000001839fce0000, 0x00000183a0450000, 0x00000183a7210000]
CodeHeap 'non-nmethods': size=5760Kb used=1264Kb max_used=1299Kb free=4495Kb
 bounds [0x000001839f740000, 0x000001839f9b0000, 0x000001839fce0000]
 total_blobs=4221 nmethods=3668 adapters=464
 compilation: enabled
              stopped_count=0, restarted_count=0
 full_count=0

Compilation events (20 events):
Event: 3.231 Thread 0x00000183c5b33800 nmethod 3675 0x00000183a73d1b90 code [0x00000183a73d1d20, 0x00000183a73d1d78]
Event: 3.233 Thread 0x00000183c594e000 nmethod 3684 0x00000183a043ed10 code [0x00000183a043f100, 0x00000183a0441078]
Event: 3.233 Thread 0x00000183c594e000 3685       3       org.jetbrains.kotlin.psi.KtElementImplStub::<init> (14 bytes)
Event: 3.233 Thread 0x00000183c594e000 nmethod 3685 0x00000183a0441810 code [0x00000183a0441a60, 0x00000183a0442418]
Event: 3.233 Thread 0x00000183c594e000 3686       3       org.jetbrains.kotlin.com.intellij.extapi.psi.StubBasedPsiElementBase::<init> (31 bytes)
Event: 3.234 Thread 0x00000183c594e000 nmethod 3686 0x00000183a0442710 code [0x00000183a0442960, 0x00000183a0443228]
Event: 3.234 Thread 0x00000183c594e000 3687       3       org.jetbrains.kotlin.com.intellij.extapi.psi.ASTDelegatePsiElement::<init> (5 bytes)
Event: 3.234 Thread 0x00000183c594e000 nmethod 3687 0x00000183a0443510 code [0x00000183a04436e0, 0x00000183a04439d8]
Event: 3.234 Thread 0x00000183c594e000 3688       3       org.jetbrains.kotlin.name.Name::hashCode (28 bytes)
Event: 3.234 Thread 0x00000183c594e000 nmethod 3688 0x00000183a0443b10 code [0x00000183a0443cc0, 0x00000183a0443e68]
Event: 3.236 Thread 0x00000183c594e000 3690       3       java.util.concurrent.TimeUnit::toNanos (45 bytes)
Event: 3.236 Thread 0x00000183c594e000 nmethod 3690 0x00000183a0443f90 code [0x00000183a0444140, 0x00000183a0444358]
Event: 3.236 Thread 0x00000183c594e000 3689       3       java.util.concurrent.locks.ReentrantLock::tryLock (14 bytes)
Event: 3.236 Thread 0x00000183c594e000 nmethod 3689 0x00000183a0444410 code [0x00000183a04445e0, 0x00000183a0444778]
Event: 3.237 Thread 0x00000183c594e000 3691       3       kotlin.jvm.internal.CallableReference::getOwner (36 bytes)
Event: 3.237 Thread 0x00000183c594e000 nmethod 3691 0x00000183a0444890 code [0x00000183a0444aa0, 0x00000183a0444eb8]
Event: 3.237 Thread 0x00000183c594e000 3692       3       kotlin.reflect.jvm.internal.KProperty1Impl::<init> (78 bytes)
Event: 3.238 Thread 0x00000183c594e000 nmethod 3692 0x00000183a0445090 code [0x00000183a04455c0, 0x00000183a0447aa8]
Event: 3.238 Thread 0x00000183c594e000 3693       3       kotlin.reflect.jvm.internal.KPropertyImpl::<init> (29 bytes)
Event: 3.239 Thread 0x00000183c594e000 nmethod 3693 0x00000183a0448710 code [0x00000183a0448a40, 0x00000183a0449968]

GC Heap History (11 events):
Event: 0.514 GC heap before
{Heap before GC invocations=0 (full 0):
 garbage-first heap   total 522240K, used 26624K [0x000000042c800000, 0x0000000629a00000)
  region size 2048K, 12 young (24576K), 0 survivors (0K)
 Metaspace       used 11697K, capacity 11826K, committed 11904K, reserved 1060864K
  class space    used 1060K, capacity 1109K, committed 1152K, reserved 1048576K
}
Event: 0.517 GC heap after
{Heap after GC invocations=1 (full 0):
 garbage-first heap   total 522240K, used 6662K [0x000000042c800000, 0x0000000629a00000)
  region size 2048K, 2 young (4096K), 2 survivors (4096K)
 Metaspace       used 11697K, capacity 11826K, committed 11904K, reserved 1060864K
  class space    used 1060K, capacity 1109K, committed 1152K, reserved 1048576K
}
Event: 1.167 GC heap before
{Heap before GC invocations=1 (full 0):
 garbage-first heap   total 522240K, used 45574K [0x000000042c800000, 0x0000000629a00000)
  region size 2048K, 22 young (45056K), 2 survivors (4096K)
 Metaspace       used 20861K, capacity 21174K, committed 21248K, reserved 1069056K
  class space    used 2187K, capacity 2273K, committed 2304K, reserved 1048576K
}
Event: 1.177 GC heap after
{Heap after GC invocations=2 (full 0):
 garbage-first heap   total 522240K, used 10452K [0x000000042c800000, 0x0000000629a00000)
  region size 2048K, 4 young (8192K), 4 survivors (8192K)
 Metaspace       used 20861K, capacity 21174K, committed 21248K, reserved 1069056K
  class space    used 2187K, capacity 2273K, committed 2304K, reserved 1048576K
}
Event: 1.929 GC heap before
{Heap before GC invocations=3 (full 0):
 garbage-first heap   total 522240K, used 96468K [0x000000042c800000, 0x0000000629a00000)
  region size 2048K, 40 young (81920K), 4 survivors (8192K)
 Metaspace       used 31546K, capacity 32102K, committed 32384K, reserved 1077248K
  class space    used 3718K, capacity 3911K, committed 3968K, reserved 1048576K
}
Event: 1.941 GC heap after
{Heap after GC invocations=4 (full 0):
 garbage-first heap   total 522240K, used 30515K [0x000000042c800000, 0x0000000629a00000)
  region size 2048K, 5 young (10240K), 5 survivors (10240K)
 Metaspace       used 31546K, capacity 32102K, committed 32384K, reserved 1077248K
  class space    used 3718K, capacity 3911K, committed 3968K, reserved 1048576K
}
Event: 2.310 GC heap before
{Heap before GC invocations=4 (full 0):
 garbage-first heap   total 522240K, used 59187K [0x000000042c800000, 0x0000000629a00000)
  region size 2048K, 19 young (38912K), 5 survivors (10240K)
 Metaspace       used 34682K, capacity 35228K, committed 35456K, reserved 1081344K
  class space    used 4195K, capacity 4434K, committed 4480K, reserved 1048576K
}
Event: 2.320 GC heap after
{Heap after GC invocations=5 (full 0):
 garbage-first heap   total 522240K, used 33810K [0x000000042c800000, 0x0000000629a00000)
  region size 2048K, 3 young (6144K), 3 survivors (6144K)
 Metaspace       used 34682K, capacity 35228K, committed 35456K, reserved 1081344K
  class space    used 4195K, capacity 4434K, committed 4480K, reserved 1048576K
}
Event: 2.364 GC heap before
{Heap before GC invocations=5 (full 0):
 garbage-first heap   total 522240K, used 33810K [0x000000042c800000, 0x0000000629a00000)
  region size 2048K, 4 young (8192K), 3 survivors (6144K)
 Metaspace       used 34910K, capacity 35426K, committed 35628K, reserved 1081344K
  class space    used 4215K, capacity 4435K, committed 4480K, reserved 1048576K
}
Event: 2.368 GC heap after
{Heap after GC invocations=6 (full 0):
 garbage-first heap   total 522240K, used 34683K [0x000000042c800000, 0x0000000629a00000)
  region size 2048K, 1 young (2048K), 1 survivors (2048K)
 Metaspace       used 34910K, capacity 35426K, committed 35628K, reserved 1081344K
  class space    used 4215K, capacity 4435K, committed 4480K, reserved 1048576K
}
Event: 3.242 GC heap before
{Heap before GC invocations=7 (full 0):
 garbage-first heap   total 522240K, used 104315K [0x000000042c800000, 0x0000000629a00000)
  region size 2048K, 31 young (63488K), 1 survivors (2048K)
 Metaspace       used 46750K, capacity 47287K, committed 47532K, reserved 1091584K
  class space    used 5410K, capacity 5632K, committed 5632K, reserved 1048576K
}

Deoptimization events (20 events):
Event: 3.146 Thread 0x0000018394459000 Uncommon trap: trap_request=0xffffff4d fr.pc=0x00000183a72d86f8 relative=0x00000000000001d8
Event: 3.146 Thread 0x0000018394459000 Uncommon trap: reason=unstable_if action=reinterpret pc=0x00000183a72d86f8 method=java.lang.String.startsWith(Ljava/lang/String;I)Z @ 46 c2
Event: 3.146 Thread 0x0000018394459000 DEOPT PACKING pc=0x00000183a72d86f8 sp=0x00000006b3ef5880
Event: 3.146 Thread 0x0000018394459000 DEOPT UNPACKING pc=0x000001839f78a1af sp=0x00000006b3ef57e8 mode 2
Event: 3.146 Thread 0x0000018394459000 Uncommon trap: trap_request=0xffffff4d fr.pc=0x00000183a73a3be0 relative=0x0000000000000580
Event: 3.146 Thread 0x0000018394459000 Uncommon trap: reason=unstable_if action=reinterpret pc=0x00000183a73a3be0 method=java.lang.String.lastIndexOf(II)I @ 4 c2
Event: 3.146 Thread 0x0000018394459000 DEOPT PACKING pc=0x00000183a73a3be0 sp=0x00000006b3ef58f0
Event: 3.146 Thread 0x0000018394459000 DEOPT UNPACKING pc=0x000001839f78a1af sp=0x00000006b3ef57e0 mode 2
Event: 3.170 Thread 0x0000018394459000 Uncommon trap: trap_request=0xffffffc6 fr.pc=0x00000183a7267384 relative=0x00000000000007e4
Event: 3.170 Thread 0x0000018394459000 Uncommon trap: reason=bimorphic_or_optimized_type_check action=maybe_recompile pc=0x00000183a7267384 method=java.util.HashMap.putVal(ILjava/lang/Object;Ljava/lang/Object;ZZ)Ljava/lang/Object; @ 203 c2
Event: 3.170 Thread 0x0000018394459000 DEOPT PACKING pc=0x00000183a7267384 sp=0x00000006b3efca20
Event: 3.170 Thread 0x0000018394459000 DEOPT UNPACKING pc=0x000001839f78a1af sp=0x00000006b3efc9b0 mode 2
Event: 3.170 Thread 0x0000018394459000 Uncommon trap: trap_request=0xffffffc6 fr.pc=0x00000183a7267384 relative=0x00000000000007e4
Event: 3.170 Thread 0x0000018394459000 Uncommon trap: reason=bimorphic_or_optimized_type_check action=maybe_recompile pc=0x00000183a7267384 method=java.util.HashMap.putVal(ILjava/lang/Object;Ljava/lang/Object;ZZ)Ljava/lang/Object; @ 203 c2
Event: 3.170 Thread 0x0000018394459000 DEOPT PACKING pc=0x00000183a7267384 sp=0x00000006b3efca20
Event: 3.170 Thread 0x0000018394459000 DEOPT UNPACKING pc=0x000001839f78a1af sp=0x00000006b3efc9b0 mode 2
Event: 3.237 Thread 0x0000018394459000 Uncommon trap: trap_request=0xffffffcc fr.pc=0x00000183a73b3640 relative=0x0000000000000280
Event: 3.237 Thread 0x0000018394459000 Uncommon trap: reason=intrinsic_or_type_checked_inlining action=make_not_entrant pc=0x00000183a73b3640 method=java.util.ArrayList.toArray([Ljava/lang/Object;)[Ljava/lang/Object; @ 36 c2
Event: 3.237 Thread 0x0000018394459000 DEOPT PACKING pc=0x00000183a73b3640 sp=0x00000006b3efb3f0
Event: 3.237 Thread 0x0000018394459000 DEOPT UNPACKING pc=0x000001839f78a1af sp=0x00000006b3efb3a0 mode 2

Classes redefined (0 events):
No events

Internal exceptions (20 events):
Event: 1.189 Thread 0x0000018394459000 Exception <a 'java/lang/NoSuchMethodError'{0x000000044c4be848}: 'long java.lang.invoke.DirectMethodHandle$Holder.invokeStaticInit(java.lang.Object)'> (0x000000044c4be848) thrown at [s\src\hotspot\share\interpreter\linkResolver.cpp, line 773]
Event: 1.231 Thread 0x0000018394459000 Exception <a 'java/lang/NoSuchMethodError'{0x000000044c1265a0}: 'int java.lang.invoke.DirectMethodHandle$Holder.invokeStaticInit(java.lang.Object, java.lang.Object, java.lang.Object)'> (0x000000044c1265a0) thrown at [s\src\hotspot\share\interpreter\linkResolver.cpp, line 773]
Event: 1.236 Thread 0x0000018394459000 Exception <a 'java/lang/NoSuchMethodError'{0x000000044c152220}: 'int java.lang.invoke.DirectMethodHandle$Holder.invokeStaticInit(java.lang.Object, java.lang.Object)'> (0x000000044c152220) thrown at [s\src\hotspot\share\interpreter\linkResolver.cpp, line 773]
Event: 1.267 Thread 0x0000018394459000 Exception <a 'java/lang/NoSuchMethodError'{0x000000044bf5e4b8}: 'void java.lang.invoke.DirectMethodHandle$Holder.invokeSpecial(java.lang.Object, java.lang.Object)'> (0x000000044bf5e4b8) thrown at [s\src\hotspot\share\interpreter\linkResolver.cpp, line 773]
Event: 1.399 Thread 0x0000018394459000 Exception <a 'java/lang/NoSuchMethodError'{0x000000044b7574e8}: 'java.lang.Object java.lang.invoke.DirectMethodHandle$Holder.invokeStatic(java.lang.Object, java.lang.Object, java.lang.Object, java.lang.Object, java.lang.Object, java.lang.Object, java.lang.Object, java.lang.Object, java.lang.Object, java.lang.Object, java.lang.Object, java.lang.Object, java.lang.Object, java.lang.Object, java.lang.Object)'> (0x000000044b7574e8) thrown at [s\src\hotspot\share\interpreter\linkResolver.cpp, line 773]
Event: 1.400 Thread 0x0000018394459000 Exception <a 'java/lang/NoSuchMethodError'{0x000000044b7654f0}: 'java.lang.Object java.lang.invoke.DirectMethodHandle$Holder.invokeStatic(java.lang.Object, java.lang.Object, java.lang.Object, java.lang.Object, java.lang.Object, java.lang.Object, java.lang.Object, java.lang.Object, java.lang.Object, java.lang.Object, java.lang.Object, java.lang.Object, java.lang.Object, java.lang.Object, java.lang.Object, java.lang.Object)'> (0x000000044b7654f0) thrown at [s\src\hotspot\share\interpreter\linkResolver.cpp, l
Event: 1.401 Thread 0x0000018394459000 Exception <a 'java/lang/NoSuchMethodError'{0x000000044b773408}: 'java.lang.Object java.lang.invoke.DirectMethodHandle$Holder.invokeSpecial(java.lang.Object, java.lang.Object, int, int, java.lang.Object, java.lang.Object, java.lang.Object)'> (0x000000044b773408) thrown at [s\src\hotspot\share\interpreter\linkResolver.cpp, line 773]
Event: 1.401 Thread 0x0000018394459000 Exception <a 'java/lang/NoSuchMethodError'{0x000000044b776c40}: 'java.lang.Object java.lang.invoke.DelegatingMethodHandle$Holder.reinvoke_L(java.lang.Object, int, int, java.lang.Object, java.lang.Object, java.lang.Object)'> (0x000000044b776c40) thrown at [s\src\hotspot\share\interpreter\linkResolver.cpp, line 773]
Event: 1.402 Thread 0x0000018394459000 Exception <a 'java/lang/NoSuchMethodError'{0x000000044b77afc8}: 'java.lang.Object java.lang.invoke.DirectMethodHandle$Holder.invokeStatic(java.lang.Object, java.lang.Object, java.lang.Object, java.lang.Object, int)'> (0x000000044b77afc8) thrown at [s\src\hotspot\share\interpreter\linkResolver.cpp, line 773]
Event: 1.437 Thread 0x0000018394459000 Exception <a 'java/lang/NoSuchMethodError'{0x000000044b4a1028}: 'void java.lang.invoke.DirectMethodHandle$Holder.invokeStatic(java.lang.Object, java.lang.Object, java.lang.Object, java.lang.Object)'> (0x000000044b4a1028) thrown at [s\src\hotspot\share\interpreter\linkResolver.cpp, line 773]
Event: 1.481 Thread 0x0000018394459000 Exception <a 'java/lang/NoSuchMethodError'{0x000000044b089c60}: 'void java.lang.invoke.DirectMethodHandle$Holder.invokeStaticInit(java.lang.Object, java.lang.Object)'> (0x000000044b089c60) thrown at [s\src\hotspot\share\interpreter\linkResolver.cpp, line 773]
Event: 1.552 Thread 0x0000018394459000 Exception <a 'java/lang/NoSuchMethodError'{0x000000044aa1cda0}: 'void java.lang.invoke.DirectMethodHandle$Holder.invokeVirtual(java.lang.Object, java.lang.Object)'> (0x000000044aa1cda0) thrown at [s\src\hotspot\share\interpreter\linkResolver.cpp, line 773]
Event: 1.574 Thread 0x0000018394459000 Exception <a 'java/lang/NoSuchMethodError'{0x000000044a827040}: 'int java.lang.invoke.DirectMethodHandle$Holder.invokeVirtual(java.lang.Object, java.lang.Object)'> (0x000000044a827040) thrown at [s\src\hotspot\share\interpreter\linkResolver.cpp, line 773]
Event: 2.194 Thread 0x0000018394459000 Exception <a 'java/lang/NoSuchMethodError'{0x000000044ad616e0}: 'java.lang.Object java.lang.invoke.Invokers$Holder.linkToTargetMethod(java.lang.Object, int, java.lang.Object)'> (0x000000044ad616e0) thrown at [s\src\hotspot\share\interpreter\linkResolver.cpp, line 773]
Event: 2.228 Thread 0x0000018394459000 Implicit null exception at 0x00000183a734adf0 to 0x00000183a734aebc
Event: 2.328 Thread 0x0000018394459000 Implicit null exception at 0x00000183a73475cc to 0x00000183a73476b4
Event: 2.624 Thread 0x0000018394459000 Exception <a 'java/lang/NoSuchMethodError'{0x000000044b5bff08}: 'java.lang.Object java.lang.invoke.DirectMethodHandle$Holder.invokeVirtual(java.lang.Object, java.lang.Object, java.lang.Object)'> (0x000000044b5bff08) thrown at [s\src\hotspot\share\interpreter\linkResolver.cpp, line 773]
Event: 3.208 Thread 0x0000018394459000 Exception <a 'java/lang/NoSuchMethodError'{0x000000044889e0d8}: 'java.lang.Object java.lang.invoke.DirectMethodHandle$Holder.invokeStatic(java.lang.Object, java.lang.Object, java.lang.Object, int)'> (0x000000044889e0d8) thrown at [s\src\hotspot\share\interpreter\linkResolver.cpp, line 773]
Event: 3.209 Thread 0x0000018394459000 Exception <a 'java/lang/NoSuchMethodError'{0x00000004488a1d48}: 'java.lang.Object java.lang.invoke.DirectMethodHandle$Holder.invokeSpecial(java.lang.Object, java.lang.Object, java.lang.Object, java.lang.Object, int)'> (0x00000004488a1d48) thrown at [s\src\hotspot\share\interpreter\linkResolver.cpp, line 773]
Event: 3.209 Thread 0x0000018394459000 Exception <a 'java/lang/NoSuchMethodError'{0x00000004488a5058}: 'java.lang.Object java.lang.invoke.Invokers$Holder.linkToTargetMethod(java.lang.Object, java.lang.Object, int, java.lang.Object)'> (0x00000004488a5058) thrown at [s\src\hotspot\share\interpreter\linkResolver.cpp, line 773]

Events (20 events):
Event: 3.239 loading class org/jetbrains/kotlin/resolve/lazy/LazyImportResolverForKtImportDirective$forceResolveNonDefaultImportsTask$1 done
Event: 3.239 loading class org/jetbrains/kotlin/resolve/lazy/FileScopeFactory$FilesScopesBuilder$lazyImportingScope$1
Event: 3.239 loading class org/jetbrains/kotlin/resolve/lazy/FileScopeFactory$FilesScopesBuilder$lazyImportingScope$1 done
Event: 3.240 loading class org/jetbrains/kotlin/resolve/scopes/ImportingScope$Empty
Event: 3.240 loading class org/jetbrains/kotlin/resolve/scopes/ImportingScope$Empty done
Event: 3.240 loading class org/jetbrains/kotlin/resolve/scopes/BaseImportingScope
Event: 3.240 loading class org/jetbrains/kotlin/resolve/scopes/BaseImportingScope done
Event: 3.240 loading class org/jetbrains/kotlin/resolve/scopes/BaseHierarchicalScope
Event: 3.240 loading class org/jetbrains/kotlin/resolve/scopes/BaseHierarchicalScope done
Event: 3.240 loading class org/jetbrains/kotlin/resolve/lazy/FileScopeFactory$FilesScopesBuilder$lazyImportingScope$1$parent$2
Event: 3.240 loading class org/jetbrains/kotlin/resolve/lazy/FileScopeFactory$FilesScopesBuilder$lazyImportingScope$1$parent$2 done
Event: 3.240 loading class org/jetbrains/kotlin/resolve/scopes/LexicalScope$Base
Event: 3.240 loading class org/jetbrains/kotlin/resolve/scopes/LexicalScope$Base done
Event: 3.241 loading class org/jetbrains/kotlin/resolve/lazy/FileScopeFactory$FilesScopesBuilder$importResolver$1
Event: 3.241 loading class org/jetbrains/kotlin/resolve/lazy/FileScopeFactory$FilesScopesBuilder$importResolver$1 done
Event: 3.241 loading class org/jetbrains/kotlin/resolve/bindingContextUtil/BindingContextUtilsKt
Event: 3.241 loading class org/jetbrains/kotlin/resolve/bindingContextUtil/BindingContextUtilsKt done
Event: 3.242 loading class org/jetbrains/kotlin/resolve/scopes/utils/ScopeUtilsKt
Event: 3.242 loading class org/jetbrains/kotlin/resolve/scopes/utils/ScopeUtilsKt done
Event: 3.242 Executing VM operation: G1CollectForAllocation


Dynamic libraries:
0x00007ff7c8430000 - 0x00007ff7c843e000 	C:\Program Files\OpenLogic\jdk-11.0.22.7-hotspot\bin\java.exe
0x00007ff9f7c10000 - 0x00007ff9f7e26000 	C:\WINDOWS\SYSTEM32\ntdll.dll
0x00007ff9f6750000 - 0x00007ff9f6814000 	C:\WINDOWS\System32\KERNEL32.DLL
0x00007ff9f4f50000 - 0x00007ff9f52f6000 	C:\WINDOWS\System32\KERNELBASE.dll
0x00007ff9f56d0000 - 0x00007ff9f57e1000 	C:\WINDOWS\System32\ucrtbase.dll
0x00007ff9a2470000 - 0x00007ff9a248b000 	C:\Program Files\OpenLogic\jdk-11.0.22.7-hotspot\bin\VCRUNTIME140.dll
0x00007ff9a2490000 - 0x00007ff9a24a7000 	C:\Program Files\OpenLogic\jdk-11.0.22.7-hotspot\bin\jli.dll
0x00007ff9f6820000 - 0x00007ff9f69cd000 	C:\WINDOWS\System32\USER32.dll
0x00007ff9d4b00000 - 0x00007ff9d4d93000 	C:\WINDOWS\WinSxS\amd64_microsoft.windows.common-controls_6595b64144ccf1df_6.0.22621.3235_none_270f74e173860f98\COMCTL32.dll
0x00007ff9f58b0000 - 0x00007ff9f58d6000 	C:\WINDOWS\System32\win32u.dll
0x00007ff9f62d0000 - 0x00007ff9f6377000 	C:\WINDOWS\System32\msvcrt.dll
0x00007ff9f6bf0000 - 0x00007ff9f6c19000 	C:\WINDOWS\System32\GDI32.dll
0x00007ff9f5580000 - 0x00007ff9f5698000 	C:\WINDOWS\System32\gdi32full.dll
0x00007ff9f54e0000 - 0x00007ff9f557a000 	C:\WINDOWS\System32\msvcp_win.dll
0x00007ff9f5aa0000 - 0x00007ff9f5ad1000 	C:\WINDOWS\System32\IMM32.DLL
0x00007ff9ec570000 - 0x00007ff9ec57c000 	C:\Program Files\OpenLogic\jdk-11.0.22.7-hotspot\bin\vcruntime140_1.dll
0x00007ff9a23e0000 - 0x00007ff9a246d000 	C:\Program Files\OpenLogic\jdk-11.0.22.7-hotspot\bin\msvcp140.dll
0x00007ff95f2d0000 - 0x00007ff95fe1d000 	C:\Program Files\OpenLogic\jdk-11.0.22.7-hotspot\bin\server\jvm.dll
0x00007ff9f5960000 - 0x00007ff9f5a12000 	C:\WINDOWS\System32\ADVAPI32.dll
0x00007ff9f6b30000 - 0x00007ff9f6bd8000 	C:\WINDOWS\System32\sechost.dll
0x00007ff9f56a0000 - 0x00007ff9f56c8000 	C:\WINDOWS\System32\bcrypt.dll
0x00007ff9f5d20000 - 0x00007ff9f5e35000 	C:\WINDOWS\System32\RPCRT4.dll
0x00007ff9f6be0000 - 0x00007ff9f6be8000 	C:\WINDOWS\System32\PSAPI.DLL
0x00007ff9a23d0000 - 0x00007ff9a23d9000 	C:\WINDOWS\SYSTEM32\WSOCK32.dll
0x00007ff9e89c0000 - 0x00007ff9e89f4000 	C:\WINDOWS\SYSTEM32\WINMM.dll
0x00007ff9e9e70000 - 0x00007ff9e9e7a000 	C:\WINDOWS\SYSTEM32\VERSION.dll
0x00007ff9f6f20000 - 0x00007ff9f6f91000 	C:\WINDOWS\System32\WS2_32.dll
0x00007ff9f3e60000 - 0x00007ff9f3e78000 	C:\WINDOWS\SYSTEM32\kernel.appcore.dll
0x00007ff9a23c0000 - 0x00007ff9a23d0000 	C:\Program Files\OpenLogic\jdk-11.0.22.7-hotspot\bin\verify.dll
0x00007ff9eecd0000 - 0x00007ff9eef03000 	C:\WINDOWS\SYSTEM32\DBGHELP.DLL
0x00007ff9f6fd0000 - 0x00007ff9f7358000 	C:\WINDOWS\System32\combase.dll
0x00007ff9f5c40000 - 0x00007ff9f5d17000 	C:\WINDOWS\System32\OLEAUT32.dll
0x00007ff9cf380000 - 0x00007ff9cf3b2000 	C:\WINDOWS\SYSTEM32\dbgcore.DLL
0x00007ff9f58e0000 - 0x00007ff9f595a000 	C:\WINDOWS\System32\bcryptPrimitives.dll
0x00007ff9a2390000 - 0x00007ff9a23b8000 	C:\Program Files\OpenLogic\jdk-11.0.22.7-hotspot\bin\java.dll
0x00007ff9a2380000 - 0x00007ff9a238a000 	C:\Program Files\OpenLogic\jdk-11.0.22.7-hotspot\bin\jimage.dll
0x00007ff97af70000 - 0x00007ff97af88000 	C:\Program Files\OpenLogic\jdk-11.0.22.7-hotspot\bin\zip.dll
0x00007ff9f7370000 - 0x00007ff9f7bcd000 	C:\WINDOWS\System32\SHELL32.dll
0x00007ff9f2b90000 - 0x00007ff9f3488000 	C:\WINDOWS\SYSTEM32\windows.storage.dll
0x00007ff9f2a50000 - 0x00007ff9f2b8e000 	C:\WINDOWS\SYSTEM32\wintypes.dll
0x00007ff9f6540000 - 0x00007ff9f6633000 	C:\WINDOWS\System32\SHCORE.dll
0x00007ff9f69d0000 - 0x00007ff9f6a2e000 	C:\WINDOWS\System32\shlwapi.dll
0x00007ff9f4e80000 - 0x00007ff9f4ea6000 	C:\WINDOWS\SYSTEM32\profapi.dll
0x00007ff97af50000 - 0x00007ff97af69000 	C:\Program Files\OpenLogic\jdk-11.0.22.7-hotspot\bin\net.dll
0x00007ff9f3e80000 - 0x00007ff9f3fb7000 	C:\WINDOWS\SYSTEM32\WINHTTP.dll
0x00007ff9f4410000 - 0x00007ff9f4479000 	C:\WINDOWS\system32\mswsock.dll
0x00007ff97af30000 - 0x00007ff97af42000 	C:\Program Files\OpenLogic\jdk-11.0.22.7-hotspot\bin\nio.dll

dbghelp: loaded successfully - version: 4.0.5 - missing functions: none
symbol engine: initialized successfully - sym options: 0x614 - pdb path: .;C:\Program Files\OpenLogic\jdk-11.0.22.7-hotspot\bin;C:\WINDOWS\SYSTEM32;C:\WINDOWS\WinSxS\amd64_microsoft.windows.common-controls_6595b64144ccf1df_6.0.22621.3235_none_270f74e173860f98;C:\Program Files\OpenLogic\jdk-11.0.22.7-hotspot\bin\server

VM Arguments:
java_command: org.jetbrains.kotlin.cli.jvm.K2JVMCompiler @C:\Projects\netiCharithraMobileApp\node_modules\@react-native\gradle-plugin\build\20240326_4181191577648531618.compiler.options
java_class_path (initial): C:\Users\ShaikMohammadMuzmil\.gradle\caches\modules-2\files-2.1\org.jetbrains.kotlin\kotlin-compiler-embeddable\1.8.0\eb9118d4bcceaa2a94b2ae2a33a4ddba7c9a947f\kotlin-compiler-embeddable-1.8.0.jar;C:\Users\ShaikMohammadMuzmil\.gradle\caches\modules-2\files-2.1\org.jetbrains.kotlin\kotlin-stdlib\1.8.0\1796921c7a3e2e2665a83e6c8d33399336cd39bc\kotlin-stdlib-1.8.0.jar;C:\Users\ShaikMohammadMuzmil\.gradle\caches\modules-2\files-2.1\org.jetbrains.kotlin\kotlin-script-runtime\1.8.0\b2f7e760d283cb339974851c222a4c1d48f2d3d\kotlin-script-runtime-1.8.0.jar;C:\Users\ShaikMohammadMuzmil\.gradle\caches\modules-2\files-2.1\org.jetbrains.kotlin\kotlin-reflect\1.6.10\1cbe9c92c12a94eea200d23c2bbaedaf3daf5132\kotlin-reflect-1.6.10.jar;C:\Users\ShaikMohammadMuzmil\.gradle\caches\modules-2\files-2.1\org.jetbrains.kotlin\kotlin-daemon-embeddable\1.8.0\d255216c551685dc3a7e852b53617f5f01aaaa5c\kotlin-daemon-embeddable-1.8.0.jar;C:\Users\ShaikMohammadMuzmil\.gradle\caches\modules-2\files-2.1\org.jetbrains.intellij.deps\trove4j\1.0.20200330\3afb14d5f9ceb459d724e907a21145e8ff394f02\trove4j-1.0.20200330.jar;C:\Users\ShaikMohammadMuzmil\.gradle\caches\modules-2\files-2.1\net.java.dev.jna\jna\5.6.0\330f2244e9030119ab3030fc3fededc86713d9cc\jna-5.6.0.jar;C:\Users\ShaikMohammadMuzmil\.gradle\caches\modules-2\files-2.1\org.jetbrains.kotlin\kotlin-stdlib-common\1.8.0\f7197e7cc76453ac59f8b0f8d5137cc600becd36\kotlin-stdlib-common-1.8.0.jar;C:\Users\ShaikMohammadMuzmil\.gradle\caches\modules-2\files-2.1\org.jetbrains\annotations\13.0\919f0dfe192fb4e063e7dacadee7f8bb9a2672a9\annotations-13.0.jar
Launcher Type: SUN_STANDARD

[Global flags]
     intx CICompilerCount                          = 4                                         {product} {ergonomic}
     uint ConcGCThreads                            = 3                                         {product} {ergonomic}
     uint G1ConcRefinementThreads                  = 10                                        {product} {ergonomic}
   size_t G1HeapRegionSize                         = 2097152                                   {product} {ergonomic}
    uintx GCDrainStackTargetSize                   = 64                                        {product} {ergonomic}
   size_t InitialHeapSize                          = 534773760                                 {product} {ergonomic}
   size_t MarkStackSize                            = 4194304                                   {product} {ergonomic}
   size_t MaxHeapSize                              = 8541700096                                {product} {ergonomic}
   size_t MaxNewSize                               = 5123342336                                {product} {ergonomic}
   size_t MinHeapDeltaBytes                        = 2097152                                   {product} {ergonomic}
    uintx NonNMethodCodeHeapSize                   = 5836300                                {pd product} {ergonomic}
    uintx NonProfiledCodeHeapSize                  = 122910970                              {pd product} {ergonomic}
    uintx ProfiledCodeHeapSize                     = 122910970                              {pd product} {ergonomic}
    uintx ReservedCodeCacheSize                    = 251658240                              {pd product} {ergonomic}
     bool SegmentedCodeCache                       = true                                      {product} {ergonomic}
     bool UseCompressedClassPointers               = true                                 {lp64_product} {ergonomic}
     bool UseCompressedOops                        = true                                 {lp64_product} {ergonomic}
     bool UseG1GC                                  = true                                      {product} {ergonomic}
     bool UseLargePagesIndividualAllocation        = false                                  {pd product} {ergonomic}

Logging:
Log output configuration:
 #0: stdout all=warning uptime,level,tags
 #1: stderr all=off uptime,level,tags

Environment Variables:
JAVA_HOME=C:\Program Files\OpenLogic\jdk-11.0.22.7-hotspot\
CLASSPATH=C:\Projects\netiCharithraMobileApp\android\\gradle\wrapper\gradle-wrapper.jar
PATH=C:\Projects\netiCharithraMobileApp\node_modules\.bin;C:\Projects\netiCharithraMobileApp\node_modules\.bin;C:\Projects\node_modules\.bin;C:\node_modules\.bin;C:\Program Files\nodejs\node_modules\npm\node_modules\@npmcli\run-script\lib\node-gyp-bin;C:\Projects\netiCharithraMobileApp\node_modules\.bin;C:\Projects\node_modules\.bin;C:\node_modules\.bin;C:\Program Files\nodejs\node_modules\npm\node_modules\@npmcli\run-script\lib\node-gyp-bin;C:\Program Files\OpenLogic\jdk-11.0.22.7-hotspot\bin;C:\Python312\Scripts\;C:\Python312\;C:\WINDOWS\system32;C:\WINDOWS;C:\WINDOWS\System32\Wbem;C:\WINDOWS\System32\WindowsPowerShell\v1.0\;C:\WINDOWS\System32\OpenSSH\;C:\Program Files\nodejs\;C:\ProgramData\chocolatey\bin;C:\Users\ShaikMohammadMuzmil\AppData\Local\Android\Sdk;C:\Users\ShaikMohammadMuzmil\AppData\Local\Android\Sdk\platform-tools;C:\Users\ShaikMohammadMuzmil\AppData\Local\Android\Sdk\platform-tools;C:\Program Files\Git\bin\;C:\Program Files\Go\bin;C:\Users\ShaikMohammadMuzmil\AppData\Local\Microsoft\WindowsApps;C:\Users\ShaikMohammadMuzmil\AppData\Roaming\npm;C:\Users\ShaikMohammadMuzmil\AppData\Local\Programs\Microsoft VS Code\bin;C:\Users\ShaikMohammadMuzmil\AppData\Local\GitHubDesktop\bin;C:\Users\ShaikMohammadMuzmil\AppData\Local\Android\Sdk;C:\Users\ShaikMohammadMuzmil\AppData\Local\Android\Sdk\platform-tools;C:\Users\ShaikMohammadMuzmil\AppData\Local\Android\Sdk\emulator;C:\Users\ShaikMohammadMuzmil\AppData\Local\Android\Sdk\platform-tools;C:\Program Files\Git\bin\;C:\Program Files\Go\bin;C:\Users\ShaikMohammadMuzmil\go\bin
USERNAME=ShaikMohammadMuzmil
OS=Windows_NT
PROCESSOR_IDENTIFIER=Intel64 Family 6 Model 158 Stepping 13, GenuineIntel
TMP=C:\Users\SHAIKM~1\AppData\Local\Temp
TEMP=C:\Users\SHAIKM~1\AppData\Local\Temp



---------------  S Y S T E M  ---------------

OS: Windows 11 , 64 bit Build 22621 (10.0.22621.3235)
OS uptime: 0 days 3:12 hours
Hyper-V role detected

CPU:total 12 (initial active 12) (6 cores per cpu, 2 threads per core) family 6 model 158 stepping 13 microcode 0xde, cmov, cx8, fxsr, mmx, sse, sse2, sse3, ssse3, sse4.1, sse4.2, popcnt, avx, avx2, aes, clmul, erms, 3dnowpref, lzcnt, ht, tsc, tscinvbit, bmi1, bmi2, adx, fma

Memory: 4k page, system-wide physical 32576M (8299M free)
TotalPageFile size 32576M (AvailPageFile size 78M)
current process WorkingSet (physical memory assigned to process): 296M, peak: 296M
current process commit charge ("private bytes"): 723M, peak: 825M

vm_info: OpenJDK 64-Bit Server VM (11.0.22+7-adhoc..jdk11u) for windows-amd64 JRE (11.0.22+7-adhoc..jdk11u), built on Jan 24 2024 04:51:39 by "" with MS VC++ 16.10 / 16.11 (VS2019)

END.
